<?xml version="1.0" encoding="UTF-8"?>
<!-- Generated by org.testng.reporters.JUnitReportReporter -->
<testsuite skipped="1" hostname="bogon" name="com.cn.gaia.testshare.TestGroups" tests="2" failures="0" timestamp="09 十月 2019 07:44:27 GMT" time="0.000" errors="0">
  <testcase name="testGroup2" time="0.000" classname="com.cn.gaia.testshare.TestGroups"/>
  <testcase name="testGroup1" classname="com.cn.gaia.testshare.TestGroups">
    <skipped/>
  </testcase> <!-- testGroup1 -->
</testsuite> <!-- com.cn.gaia.testshare.TestGroups -->
