<?xml version="1.0" encoding="UTF-8"?>
<!-- Generated by org.testng.reporters.JUnitReportReporter -->
<testsuite skipped="0" hostname="bogon" name="com.cn.gaia.testshare.TestTimeOut" tests="5" failures="0" timestamp="09 十月 2019 07:25:20 GMT" time="5.047" errors="0">
  <testcase name="testTimeOut" time="1.017" classname="com.cn.gaia.testshare.TestTimeOut"/>
  <testcase name="testTimeOut" time="1.004" classname="com.cn.gaia.testshare.TestTimeOut"/>
  <testcase name="testTimeOut" time="1.005" classname="com.cn.gaia.testshare.TestTimeOut"/>
  <testcase name="testTimeOut" time="1.004" classname="com.cn.gaia.testshare.TestTimeOut"/>
  <testcase name="testTimeOut" time="1.017" classname="com.cn.gaia.testshare.TestTimeOut"/>
</testsuite> <!-- com.cn.gaia.testshare.TestTimeOut -->
