<?xml version="1.0" encoding="UTF-8"?>
<!-- Generated by org.testng.reporters.JUnitReportReporter -->
<testsuite skipped="0" hostname="bogon" name="com.cn.gaia.testshare.TestDataDriven" tests="2" failures="0" timestamp="09 十月 2019 07:44:27 GMT" time="0.000" errors="0">
  <testcase name="testExcelUtilDemo" time="0.000" classname="com.cn.gaia.testshare.TestDataDriven"/>
  <testcase name="testExcelUtilDemo" time="0.000" classname="com.cn.gaia.testshare.TestDataDriven"/>
</testsuite> <!-- com.cn.gaia.testshare.TestDataDriven -->
